
{ message: 'sdfsfsf',
  level: 'info',
  timestamp: '2019-06-27T00:04:04.202Z' }
{ message: 'sdfsfsf',
  level: 'info',
  timestamp: '2019-06-27T00:11:59.926Z' }
{ message: 'sdfsfsf',
  level: 'info',
  timestamp: '2019-06-27T00:18:44.640Z' }
{ message: 'sdfsfsf',
  level: 'info',
  timestamp: '2019-06-27T00:19:34.867Z' }
{ message: 'sdfsfsf',
  level: 'info',
  timestamp: '2019-06-27T00:20:33.800Z' }
{ message: 'sdfsfsf',
  level: 'info',
  timestamp: '2019-06-27T00:21:00.517Z' }
{ message: 'sdfsfsf',
  level: 'info',
  timestamp: '2019-06-27T00:23:32.524Z' }
{ level: 'info',
  message: 'Listening on port 5000...',
  timestamp: '2019-06-27T00:26:22.303Z' }
{ message: 'sdfsfsf',
  level: 'info',
  timestamp: '2019-06-27T00:26:55.009Z' }
{ message: 'sdfsfsf',
  level: 'info',
  timestamp: '2019-06-27T00:32:53.347Z' }
{ message: 'sdfsfsf',
  level: 'info',
  timestamp: '2019-06-27T00:34:08.723Z' }
{ message: 'sdfsfsf',
  level: 'info',
  timestamp: '2019-06-27T00:38:16.827Z' }
{ message: 'sdfsfsf',
  level: 'info',
  timestamp: '2019-06-27T00:39:29.396Z' }
{ level: 'info',
  message: 'Listening on port 5000...',
  timestamp: '2019-06-27T00:41:20.917Z' }
{ message: 'sdfsfsf',
  level: 'info',
  timestamp: '2019-06-27T00:41:44.249Z' }
{ level: 'info',
  message: 'Listening on port 5000...',
  timestamp: '2019-06-27T00:44:15.028Z' }
{ message: 'sdfsfsf',
  level: 'info',
  timestamp: '2019-06-27T00:44:27.425Z' }
{ message: 'sdfsfsf',
  level: 'info',
  timestamp: '2019-06-27T00:47:25.570Z' }
{ level: 'info',
  message: 'Listening on port 5000...',
  timestamp: '2019-06-27T00:48:19.676Z' }
{ level: 'info',
  message: 'Listening on port 5000...',
  timestamp: '2019-06-27T01:10:10.220Z' }
